.DS_Store
archive info.txt
Main Pdf.pdf
ProcrackTeam.com.url
1. Mastering The Basics/1.01 The Strategy.mp4
1. Mastering The Basics/1.02 The Setup And Checklist.mp4
1. Mastering The Basics/1.03 The Tools.mp4
2. Choosing Your Offers/2.01 Market Place Overview.mp4
2. Choosing Your Offers/2.02 Deciding What Offer To Promote.mp4
2. Choosing Your Offers/2.03 When To Switch Offers.mp4
3. Dialing in Your Facebook Traffic/3.01 Setting Up Your Facebook Ad Account.mp4
3. Dialing in Your Facebook Traffic/3.02 Facebook Ads Overview And Campaign Setup.mp4
4. Understanding Your Ad Copy/4.01 Learning How To Write Ad Copy.mp4
4. Understanding Your Ad Copy/4.02 Understanding Your Avatar.mp4
4. Understanding Your Ad Copy/4.03 Testing Your Ad Copy.mp4
5. Dialing In Your $100 A Day Landing Page/5.01 Choosing The Type Of Landing Page To Use.mp4
5. Dialing In Your $100 A Day Landing Page/5.02 Setting Up Your Landing Page For Success.mp4
5. Dialing In Your $100 A Day Landing Page/5.03 Understanding Your Landing Page Metrics.mp4
6. Scaling Past $100 Per Day/6.01 Understanding Your Metrics.mp4
6. Scaling Past $100 Per Day/6.02 To Scale Or Not To Scale.mp4
6. Scaling Past $100 Per Day/6.03 Keeping Your Campaign Successful.mp4
6. Scaling Past $100 Per Day/6.04 Commission Hero $1000 Per Day.mp4
By getwsodo.com.url
By_getwsodo.com.url
0.0.Welcome/0.0.A Message From Your Instructor.mp4
0.0.Welcome/0.1.How To Use This Course.mp4
0.0.Welcome/By getwsodo.com.url
0.0.Welcome/By_getwsodo.com.url
1.0.Strategy Playbook/1.1.Creating a Succesful YouTube Ad Strategy.mp4
1.0.Strategy Playbook/1.1.Creating a Successful YouTube Ad Strategy (Slides).pptx
1.0.Strategy Playbook/1.3. Know Your Audience (Part 1) (Slides).pptx
1.0.Strategy Playbook/1.3.Know Your Audience (Part 1).mp4
1.0.Strategy Playbook/1.3. Know Your Audience (Part 1) (Slides).pptx
1.0.Strategy Playbook/1.4.How To Collect Survey Data & Insights For Your Video Ads.mp4
1.0.Strategy Playbook/1.4.YouTube Ad Campaign Planner _ Video Power Student Template.xlsx
1.0.Strategy Playbook/1.3.Know Your Audience (Part 1).mp4
1.0.Strategy Playbook/1.5. Know Your Audience wOnline Research (Part 2).mp4
1.0.Strategy Playbook/1.4.How To Collect Survey Data & Insights For Your Video Ads.mp4
1.0.Strategy Playbook/1.4.YouTube Ad Campaign Planner _ Video Power Student Template.xlsx
1.0.Strategy Playbook/1.5. Know Your Audience wOnline Research (Part 2).mp4
1.0.Strategy Playbook/1.5.Video Ad Playbook Overview (Slides).pptx
1.0.Strategy Playbook/1.6.Know Your Audience wGoogle Analytics (Part 3).mp4
1.0.Strategy Playbook/1.6.Video Ad Script Outline _ Video Power Student Template.docx
1.0.Strategy Playbook/1.7.Know Your Audience w Google Ads Audience Finder (Part 4).mp4
1.0.Strategy Playbook/1.7.YouTube Ad ROAS Calculator _ Video Power Student Resource.xlsx
1.0.Strategy Playbook/1.5.Video Ad Playbook Overview (Slides).pptx
1.0.Strategy Playbook/1.6.Know Your Audience wGoogle Analytics (Part 3).mp4
1.0.Strategy Playbook/1.6.Video Ad Script Outline _ Video Power Student Template.docx
1.0.Strategy Playbook/1.7.Know Your Audience w Google Ads Audience Finder (Part 4).mp4
1.0.Strategy Playbook/1.7.YouTube Ad ROAS Calculator _ Video Power Student Resource.xlsx
1.0.Strategy Playbook/1.8. Video Ad Playbook Overview (Video).mp4
1.0.Strategy Playbook/1.8.YouTube ROAS Calculator.mp4
1.0.Strategy Playbook/By getwsodo.com.url
1.0.Strategy Playbook/By_getwsodo.com.url
2.0.Video Ad Playbook/2.1..Best Performing YouTube Ads & Why They Work.docx
2.0.Video Ad Playbook/2.1.Video Ad Playbook Overview Video.mp4
1.0.Strategy Playbook/1.8. Video Ad Playbook Overview (Video).mp4
1.0.Strategy Playbook/1.8.YouTube ROAS Calculator.mp4
2.0.Video Ad Playbook/2.2. Creative Tips to Increase Viewer Engagement (Slides).pptx
1.0.Strategy Playbook/By getwsodo.com.url
1.0.Strategy Playbook/By_getwsodo.com.url
2.0.Video Ad Playbook/2.1..Best Performing YouTube Ads & Why They Work.docx
2.0.Video Ad Playbook/2.2.Creative Tips to Increase Viewer Engagement.mp4
2.0.Video Ad Playbook/2.1.Video Ad Playbook Overview Video.mp4
2.0.Video Ad Playbook/2.3.Video Ad Script Outline.mp4
2.0.Video Ad Playbook/2.2. Creative Tips to Increase Viewer Engagement (Slides).pptx
2.0.Video Ad Playbook/2.4.Shoot The Video (Video Production).mp4
2.0.Video Ad Playbook/By getwsodo.com.url
2.0.Video Ad Playbook/By_getwsodo.com.url
2.0.Video Ad Playbook/2.2.Creative Tips to Increase Viewer Engagement.mp4
3.0.Launch Playbook/3.1. Understanding Audience Targeting (Slides).pptx
2.0.Video Ad Playbook/2.3.Video Ad Script Outline.mp4
2.0.Video Ad Playbook/2.4.Shoot The Video (Video Production).mp4
2.0.Video Ad Playbook/By getwsodo.com.url
2.0.Video Ad Playbook/By_getwsodo.com.url
3.0.Launch Playbook/3.1.Understanding Audience Building & Content Targeting.mp4
3.0.Launch Playbook/3.1. Understanding Audience Targeting (Slides).pptx
3.0.Launch Playbook/3.10.How to Build Remarketing Lists (Warm Audiences).mp4
3.0.Launch Playbook/3.11.How to Build Similar Audiences.mp4
3.0.Launch Playbook/3.12.How to Create, Add & Verify Conversion Codes.mp4
3.0.Launch Playbook/3.13.How to Create, Add & Verify Remarketing Codes.mp4
3.0.Launch Playbook/3.14.How to Link YouTube to Google Ads.mp4
3.0.Launch Playbook/3.15.How to Link Google Analytics to Google Ads.mp4
3.0.Launch Playbook/3.16.How to Create a YouTube Ad Campaign (Walkthrough).mp4
3.0.Launch Playbook/3.2. How To Structure Your YouTube Ad Campaigns.pptx
3.0.Launch Playbook/3.1.Understanding Audience Building & Content Targeting.mp4
3.0.Launch Playbook/3.10.How to Build Remarketing Lists (Warm Audiences).mp4
3.0.Launch Playbook/3.11.How to Build Similar Audiences.mp4
3.0.Launch Playbook/3.2.How To Structure Your Campaigns.mp4
3.0.Launch Playbook/3.12.How to Create, Add & Verify Conversion Codes.mp4
3.0.Launch Playbook/3.13.How to Create, Add & Verify Remarketing Codes.mp4
3.0.Launch Playbook/3.14.How to Link YouTube to Google Ads.mp4
3.0.Launch Playbook/3.3.Campaign Planner - Overview.mp4
3.0.Launch Playbook/3.15.How to Link Google Analytics to Google Ads.mp4
3.0.Launch Playbook/3.16.How to Create a YouTube Ad Campaign (Walkthrough).mp4
3.0.Launch Playbook/3.2. How To Structure Your YouTube Ad Campaigns.pptx
3.0.Launch Playbook/3.4.Campaign Planner - Campaign Structure Tutorial.mp4
3.0.Launch Playbook/3.5. Creating Your YouTube Ad Budget.pptx
3.0.Launch Playbook/3.2.How To Structure Your Campaigns.mp4
3.0.Launch Playbook/3.3.Campaign Planner - Overview.mp4
3.0.Launch Playbook/3.5.How to Budget Your Campaigns.mp4
3.0.Launch Playbook/3.6.Google Ads Account High-Level Overview.mp4
3.0.Launch Playbook/3.7.How To Conduct Keyword Research.mp4
3.0.Launch Playbook/3.4.Campaign Planner - Campaign Structure Tutorial.mp4
3.0.Launch Playbook/3.5. Creating Your YouTube Ad Budget.pptx
3.0.Launch Playbook/3.8.How To Conduct Placement Research.mp4
3.0.Launch Playbook/3.9.How To Create Custom Intent Audiences.mp4
3.0.Launch Playbook/By getwsodo.com.url
3.0.Launch Playbook/By_getwsodo.com.url
4.0.Optimize & Scale Playbook/4.1. How to Optimize Your Video Campaigns.pptx
4.0.Optimize & Scale Playbook/4.1.How to Setup Your Reporting Dashboard in Google Ads.mp4
3.0.Launch Playbook/3.5.How to Budget Your Campaigns.mp4
3.0.Launch Playbook/3.6.Google Ads Account High-Level Overview.mp4
3.0.Launch Playbook/3.7.How To Conduct Keyword Research.mp4
3.0.Launch Playbook/3.8.How To Conduct Placement Research.mp4
3.0.Launch Playbook/3.9.How To Create Custom Intent Audiences.mp4
3.0.Launch Playbook/By getwsodo.com.url
3.0.Launch Playbook/By_getwsodo.com.url
4.0.Optimize & Scale Playbook/4.2.How to Optimize Your Video Ad Campaigns.mp4
4.0.Optimize & Scale Playbook/4.1. How to Optimize Your Video Campaigns.pptx
4.0.Optimize & Scale Playbook/4.1.How to Setup Your Reporting Dashboard in Google Ads.mp4
4.0.Optimize & Scale Playbook/4.2.How to Optimize Your Video Ad Campaigns.mp4
4.0.Optimize & Scale Playbook/4.3.   90 Day YouTube Ad Optimization Plan.mp4
4.0.Optimize & Scale Playbook/4.3. 90 Video Ad Optimization Plan.pptx
4.0.Optimize & Scale Playbook/4.4.How To Scale Up Your YouTube Ad Campaigns.mp4
4.0.Optimize & Scale Playbook/By getwsodo.com.url
4.0.Optimize & Scale Playbook/By_getwsodo.com.url
4.0.Optimize & Scale Playbook/4.3.   90 Day YouTube Ad Optimization Plan.mp4
4.0.Optimize & Scale Playbook/4.3. 90 Video Ad Optimization Plan.pptx
5.0. Case Studies & Bonuses/5.1.How to Get More YouTube Subscribers .mp4
5.0. Case Studies & Bonuses/By getwsodo.com.url
5.0. Case Studies & Bonuses/By_getwsodo.com.url
4.0.Optimize & Scale Playbook/4.4.How To Scale Up Your YouTube Ad Campaigns.mp4
4.0.Optimize & Scale Playbook/By getwsodo.com.url
4.0.Optimize & Scale Playbook/By_getwsodo.com.url
5.0. Case Studies & Bonuses/5.1.How to Get More YouTube Subscribers .mp4
5.0. Case Studies & Bonuses/By getwsodo.com.url
5.0. Case Studies & Bonuses/By_getwsodo.com.url
6.0.Group Coaching Call REPLAYS/1.0.September 24th, 2020 - REPLAY.mp4
6.0.Group Coaching Call REPLAYS/1.0.September 24th, 2020 - REPLAY.mp4
6.0.Group Coaching Call REPLAYS/2.0.August 20, 2020 - REPLAY.mp4
6.0.Group Coaching Call REPLAYS/2.0.August 20, 2020 - REPLAY.mp4
6.0.Group Coaching Call REPLAYS/3.0.July 23, 2020 - REPLAY.mp4
6.0.Group Coaching Call REPLAYS/By getwsodo.com.url
6.0.Group Coaching Call REPLAYS/By_getwsodo.com.url
6.0.Group Coaching Call REPLAYS/3.0.July 23, 2020 - REPLAY.mp4
6.0.Group Coaching Call REPLAYS/By getwsodo.com.url
6.0.Group Coaching Call REPLAYS/By_getwsodo.com.url
01-AI Profits (START HERE)/00-AI Tools.xlsx
01-AI Profits (START HERE)/01-New Introduction.mp4
01-AI Profits (START HERE)/02-How Much Money Do I Need to Spend.mp4
01-AI Profits (START HERE)/03-Stop Trying to Reinvent The Wheel.mp4
01-AI Profits (START HERE)/04-How to Make Your First $1 With Bots.mp4
01-AI Profits (START HERE)/06-The Golden Rule to Making Money With Bots.mp4
01-AI Profits (START HERE)/07-Setup Affiliate Link Redirects.mp4
01-AI Profits (START HERE)/08-Setting Up Your Funnel.mp4
01-AI Profits (START HERE)/09-DO NOT SKIP THIS VIDEO.mp4
01-AI Profits (START HERE)/10-How To Sell ANYTHING.mp4
01-AI Profits (START HERE)/11-Automate Your Email List.mp4
01-AI Profits (START HERE)/12-Hiring Virtual Assistants.mp4
01-AI Profits (START HERE)/13-AI Profits Swipe File.docx
01-AI Profits (START HERE)/14-Shine Ranker Partner Swipe.docx
01-AI Profits (START HERE)/15-Running Giveaways For Followers.mp4
02-Contact Forms/01-Getting Setup With Basic Automation (Contact Forms).mp4
02-Contact Forms/02-CANSPAM Laws.mp4
02-Contact Forms/03-Getting Setup With Proxies (What is a Proxy).mp4
02-Contact Forms/05-Building Your Contact List.mp4
02-Contact Forms/06-Automatically Break Captchas.mp4
02-Contact Forms/07-Setting Up Your Virtual Private Server.mp4
02-Contact Forms/08-Automate Your Collection of Emails From Visitors.mp4
02-Contact Forms/09-Contacting Local Businesses (Extracting GMB_s at Scale).mp4
02-Contact Forms/10-Automating Your SEO Leads.mp4
03-Social Media Automation/02-Reaching Out on Different Platforms.mp4
03-Social Media Automation/03-Build Your List Sharing Posts on Social Media.mp4
03-Social Media Automation/04-Adding Your Posts to an Automatic Posting Schedule.mp4
03-Social Media Automation/05-How to Identify Trending Content to Replicate.mp4
03-Social Media Automation/06-Post Daily Questions.mp4
03-Social Media Automation/07-Automate and Schedule Out Polls.mp4
03-Social Media Automation/08-How to Automate Building Video Content.mp4
04-Engagement/01-Facebook Engagement Automation.mp4
04-Engagement/02-Automating Your Engagement on Instagram.mp4
04-Engagement/03-TikTok Engagement Automation.mp4
04-Engagement/04-Pinterest Engagement Automation.mp4
04-Engagement/05-Twitter Engagement Automation.mp4
04-Engagement/06-Linkedin Engagement Automation.mp4
04-Engagement/07-Quora Engagement Automation.mp4
playlist.json
playlist.html
Torrent info.txt
01-Coaching Sessions/01-#1 - Landers.zip
01-Coaching Sessions/01-Native Ad Secrets Coaching Program Week 1.pdf
01-Coaching Sessions/01-Native Ad Secrets Coaching Session #1.MP4
01-Coaching Sessions/01-RedTrack Initial Setup Checklist.pdf
01-Coaching Sessions/01-the native ads 6-week coaching program.pdf
01-Coaching Sessions/02-Native Ad Secrets Coaching Program Week 2.pdf
01-Coaching Sessions/03-Native Ad Secrets Coaching Program Week 3.pdf
01-Coaching Sessions/03-Swipe File.zip
01-Coaching Sessions/03-the native ads 6-week coaching program.pdf
01-Coaching Sessions/04-Native Ad Secrets Coaching Program Week 4.pdf
01-Coaching Sessions/04-Number of Americans With Health Problems.xlsx
01-Coaching Sessions/05-Native Ad Bidding Scenarios.xlsx
01-Coaching Sessions/05-Native Ad Secrets Coaching Program Week 5.pdf
01-Coaching Sessions/06-Native Ad Secrets Coaching Program Week 6.pdf
playlist.json
playlist.html
